<?xml version="1.0" encoding="UTF-8"?>
<testng-results ignored="0" total="2" passed="2" failed="0" skipped="0">
  <reporter-output>
  </reporter-output>
  <suite started-at="2023-11-29T16:40:08 IST" name="Default suite" finished-at="2023-11-29T16:41:55 IST" duration-ms="106998">
    <groups>
      <group name="cucumber">
        <method signature="AbstractTestNGCucumberTests.runScenario(io.cucumber.testng.PickleWrapper,io.cucumber.testng.FeatureWrapper)[pri:0, instance:com.demo.Apollo247.TestRunner@5ddeb7cb]" name="runScenario" class="io.cucumber.testng.AbstractTestNGCucumberTests"/>
      </group> <!-- cucumber -->
    </groups>
    <test started-at="2023-11-29T16:40:08 IST" name="Default test" finished-at="2023-11-29T16:41:55 IST" duration-ms="106998">
      <class name="com.demo.Apollo247.TestRunner">
        <test-method is-config="true" signature="setUpClass(org.testng.ITestContext)[pri:0, instance:com.demo.Apollo247.TestRunner@5ddeb7cb]" started-at="2023-11-29T16:40:08 IST" name="setUpClass" finished-at="2023-11-29T16:40:09 IST" duration-ms="348" status="PASS">
          <params>
            <param index="0">
              <value>
                <![CDATA[org.testng.TestRunner@12e5da86]]>
              </value>
            </param>
          </params>
          <reporter-output>
          </reporter-output>
        </test-method> <!-- setUpClass -->
        <test-method signature="runScenario(io.cucumber.testng.PickleWrapper,io.cucumber.testng.FeatureWrapper)[pri:0, instance:com.demo.Apollo247.TestRunner@5ddeb7cb]" started-at="2023-11-29T16:40:09 IST" name="runScenario" description="Runs Cucumber Scenarios" data-provider="scenarios" finished-at="2023-11-29T16:41:01 IST" duration-ms="52632" status="PASS">
          <params>
            <param index="0">
              <value>
                <![CDATA["user is able to select the suggested lab test"]]>
              </value>
            </param>
            <param index="1">
              <value>
                <![CDATA["Verifying Lab Tests Functionality"]]>
              </value>
            </param>
          </params>
          <reporter-output>
          </reporter-output>
        </test-method> <!-- runScenario -->
        <test-method signature="runScenario(io.cucumber.testng.PickleWrapper,io.cucumber.testng.FeatureWrapper)[pri:0, instance:com.demo.Apollo247.TestRunner@5ddeb7cb]" started-at="2023-11-29T16:41:01 IST" name="runScenario" description="Runs Cucumber Scenarios" data-provider="scenarios" finished-at="2023-11-29T16:41:55 IST" duration-ms="53941" status="PASS">
          <params>
            <param index="0">
              <value>
                <![CDATA["user is able add the lab tests to cart"]]>
              </value>
            </param>
            <param index="1">
              <value>
                <![CDATA["Verifying Lab Tests Functionality"]]>
              </value>
            </param>
          </params>
          <reporter-output>
          </reporter-output>
        </test-method> <!-- runScenario -->
        <test-method is-config="true" signature="tearDownClass()[pri:0, instance:com.demo.Apollo247.TestRunner@5ddeb7cb]" started-at="2023-11-29T16:41:55 IST" name="tearDownClass" finished-at="2023-11-29T16:41:55 IST" duration-ms="6" status="PASS">
          <reporter-output>
          </reporter-output>
        </test-method> <!-- tearDownClass -->
      </class> <!-- com.demo.Apollo247.TestRunner -->
    </test> <!-- Default test -->
  </suite> <!-- Default suite -->
</testng-results>
